<?xml version="1.0" encoding="UTF-8"?>
<testsuite name="basiclibrary.LibraryTest" tests="1" skipped="0" failures="0" errors="0" timestamp="2021-09-27T18:00:13" hostname="LTUCSTUDENT-L098" time="0.106">
  <properties/>
  <testcase name="someLibraryMethodReturnsTrue()" classname="basiclibrary.LibraryTest" time="0.106"/>
  <system-out><![CDATA[]]></system-out>
  <system-err><![CDATA[]]></system-err>
</testsuite>
